<?xml version="1.0" encoding="UTF-8"?>
<robot generator="Robot 6.0.2 (Python 3.11.0 on win32)" generated="20240319 21:46:59.557" rpa="false" schemaversion="3">
<suite id="s1" name="Teste" source="C:\Treinamento_Papiline\Teste.robot">
<test id="s1-t1" name="Abrir site" line="7">
<kw name="Open Browser" library="SeleniumLibrary">
<arg>https://www.demoblaze.com/</arg>
<arg>headlesschrome</arg>
<doc>Opens a new browser instance to the optional ``url``.</doc>
<msg timestamp="20240319 21:46:59.752" level="INFO">Opening browser 'headlesschrome' to base url 'https://www.demoblaze.com/'.</msg>
<status status="PASS" starttime="20240319 21:46:59.752" endtime="20240319 21:47:01.972"/>
</kw>
<kw name="Title Should Be" library="SeleniumLibrary">
<arg>STORE</arg>
<doc>Verifies that the current page title equals ``title``.</doc>
<msg timestamp="20240319 21:47:01.979" level="INFO">Page title is 'STORE'.</msg>
<status status="PASS" starttime="20240319 21:47:01.973" endtime="20240319 21:47:01.979"/>
</kw>
<status status="PASS" starttime="20240319 21:46:59.752" endtime="20240319 21:47:01.981"/>
</test>
<status status="PASS" starttime="20240319 21:46:59.561" endtime="20240319 21:47:01.982"/>
</suite>
<statistics>
<total>
<stat pass="1" fail="0" skip="0">All Tests</stat>
</total>
<tag>
</tag>
<suite>
<stat pass="1" fail="0" skip="0" id="s1" name="Teste">Teste</stat>
</suite>
</statistics>
<errors>
</errors>
</robot>
